Start testing: Sep 13 09:40 대한민국 표준시
----------------------------------------------------------
1/3 Testing: axiom_tests
1/3 Test: axiom_tests
Command: "C:/Users/A/Documents/Codex/2026-09-11/v/outputs/AxiomChess/build-causal/Release/axiom_tests.exe"
Directory: C:/Users/A/Documents/Codex/2026-09-11/v/outputs/AxiomChess/build-causal
"axiom_tests" start time: Sep 13 09:40 대한민국 표준시
Output:
----------------------------------------------------------
PASS 1569 checks
<end of output>
Test time =   0.17 sec
----------------------------------------------------------
Test Passed.
"axiom_tests" end time: Sep 13 09:40 대한민국 표준시
"axiom_tests" time elapsed: 00:00:00
----------------------------------------------------------

2/3 Testing: axiom_audit
2/3 Test: axiom_audit
Command: "C:/Users/A/Documents/Codex/2026-09-11/v/outputs/AxiomChess/build-causal/Release/axiom_audit.exe"
Directory: C:/Users/A/Documents/Codex/2026-09-11/v/outputs/AxiomChess/build-causal
"axiom_audit" start time: Sep 13 09:40 대한민국 표준시
Output:
----------------------------------------------------------
PASS audit: horizons, verification, TT bounds/mates, 12 PVS comparisons, legal PVs, tactics/draws, LMR re-search
<end of output>
Test time =   3.89 sec
----------------------------------------------------------
Test Passed.
"axiom_audit" end time: Sep 13 09:40 대한민국 표준시
"axiom_audit" time elapsed: 00:00:03
----------------------------------------------------------

3/3 Testing: axiom_calibration
3/3 Test: axiom_calibration
Command: "C:/Users/A/Documents/Codex/2026-09-11/v/outputs/AxiomChess/build-causal/Release/axiom_calibration.exe"
Directory: C:/Users/A/Documents/Codex/2026-09-11/v/outputs/AxiomChess/build-causal
"axiom_calibration" start time: Sep 13 09:40 대한민국 표준시
Output:
----------------------------------------------------------
PASS calibration: bounded corrections, component mask, mate exclusion, trend stack
<end of output>
Test time =   1.92 sec
----------------------------------------------------------
Test Passed.
"axiom_calibration" end time: Sep 13 09:40 대한민국 표준시
"axiom_calibration" time elapsed: 00:00:01
----------------------------------------------------------

End testing: Sep 13 09:40 대한민국 표준시
