Start testing: Sep 13 14:54 대한민국 표준시
----------------------------------------------------------
1/4 Testing: axiom_tests
1/4 Test: axiom_tests
Command: "C:/Users/A/Documents/Codex/2026-09-11/v/outputs/AxiomChess/build-asan/RelWithDebInfo/axiom_tests.exe"
Directory: C:/Users/A/Documents/Codex/2026-09-11/v/outputs/AxiomChess/build-asan
"axiom_tests" start time: Sep 13 14:54 대한민국 표준시
Output:
----------------------------------------------------------
PASS 1569 checks
<end of output>
Test time =   1.44 sec
----------------------------------------------------------
Test Passed.
"axiom_tests" end time: Sep 13 14:54 대한민국 표준시
"axiom_tests" time elapsed: 00:00:01
----------------------------------------------------------

2/4 Testing: axiom_audit
2/4 Test: axiom_audit
Command: "C:/Users/A/Documents/Codex/2026-09-11/v/outputs/AxiomChess/build-asan/RelWithDebInfo/axiom_audit.exe"
Directory: C:/Users/A/Documents/Codex/2026-09-11/v/outputs/AxiomChess/build-asan
"axiom_audit" start time: Sep 13 14:54 대한민국 표준시
Output:
----------------------------------------------------------
PASS audit: horizons, verification, TT bounds/mates, 12 PVS comparisons, legal PVs, tactics/draws, LMR re-search
<end of output>
Test time =  59.85 sec
----------------------------------------------------------
Test Passed.
"axiom_audit" end time: Sep 13 14:55 대한민국 표준시
"axiom_audit" time elapsed: 00:00:59
----------------------------------------------------------

3/4 Testing: axiom_calibration
3/4 Test: axiom_calibration
Command: "C:/Users/A/Documents/Codex/2026-09-11/v/outputs/AxiomChess/build-asan/RelWithDebInfo/axiom_calibration.exe"
Directory: C:/Users/A/Documents/Codex/2026-09-11/v/outputs/AxiomChess/build-asan
"axiom_calibration" start time: Sep 13 14:55 대한민국 표준시
Output:
----------------------------------------------------------
PASS calibration: bounded corrections, component mask, mate exclusion, trend stack
<end of output>
Test time =  34.60 sec
----------------------------------------------------------
Test Passed.
"axiom_calibration" end time: Sep 13 14:55 대한민국 표준시
"axiom_calibration" time elapsed: 00:00:34
----------------------------------------------------------

4/4 Testing: axiom_legal_fast
4/4 Test: axiom_legal_fast
Command: "C:/Users/A/Documents/Codex/2026-09-11/v/outputs/AxiomChess/build-asan/RelWithDebInfo/axiom_legal_fast.exe"
Directory: C:/Users/A/Documents/Codex/2026-09-11/v/outputs/AxiomChess/build-asan
"axiom_legal_fast" start time: Sep 13 14:55 대한민국 표준시
Output:
----------------------------------------------------------
PASS legal oracle ordered equivalence positions=10000 makes=9979 sequences=83 seed=2026091307
<end of output>
Test time =   5.83 sec
----------------------------------------------------------
Test Passed.
"axiom_legal_fast" end time: Sep 13 14:55 대한민국 표준시
"axiom_legal_fast" time elapsed: 00:00:05
----------------------------------------------------------

End testing: Sep 13 14:55 대한민국 표준시
